<?xml version="1.0" encoding="UTF-8"?>
<robot generator="Robot 4.1.1 (Python 3.9.7 on win32)" generated="20210927 23:45:42.761" rpa="false" schemaversion="2">
<suite id="s1" name="Amazon" source="C:\Development\robot-scripts\amazon\tests\Amazon.robot">
<kw name="Execute before suite" library="Common" type="SETUP">
<kw name="Log" library="BuiltIn">
<arg>this will execute before suite</arg>
<doc>Logs the given message with the given level.</doc>
<msg timestamp="20210927 23:45:43.011" level="INFO">this will execute before suite</msg>
<status status="PASS" starttime="20210927 23:45:43.011" endtime="20210927 23:45:43.011"/>
</kw>
<status status="PASS" starttime="20210927 23:45:43.011" endtime="20210927 23:45:43.011"/>
</kw>
<test id="s1-t1" name="User must sign in to check out">
<kw name="Begin test" library="Common" type="SETUP">
<kw name="launch url" library="LandingPage">
<kw name="Open Browser" library="SeleniumLibrary">
<arg>about:blank</arg>
<arg>gc</arg>
<doc>Opens a new browser instance to the optional ``url``.</doc>
<msg timestamp="20210927 23:45:43.011" level="INFO">Opening browser 'gc' to base url 'about:blank'.</msg>
<status status="PASS" starttime="20210927 23:45:43.011" endtime="20210927 23:45:44.192"/>
</kw>
<status status="PASS" starttime="20210927 23:45:43.011" endtime="20210927 23:45:44.192"/>
</kw>
<status status="PASS" starttime="20210927 23:45:43.011" endtime="20210927 23:45:44.193"/>
</kw>
<kw name="Navigate to amazon" library="Amz">
<kw name="open home page" library="LandingPage">
<kw name="Go To" library="SeleniumLibrary">
<arg>http://www.amazon.in</arg>
<doc>Navigates the current browser window to the provided ``url``.</doc>
<msg timestamp="20210927 23:45:44.195" level="INFO">Opening url 'http://www.amazon.in'</msg>
<status status="PASS" starttime="20210927 23:45:44.195" endtime="20210927 23:45:47.884"/>
</kw>
<kw name="Maximize Browser Window" library="SeleniumLibrary">
<doc>Maximizes current browser window.</doc>
<status status="PASS" starttime="20210927 23:45:47.884" endtime="20210927 23:45:48.093"/>
</kw>
<status status="PASS" starttime="20210927 23:45:44.194" endtime="20210927 23:45:48.093"/>
</kw>
<kw name="verify page load" library="LandingPage">
<kw name="Wait Until Page Contains" library="SeleniumLibrary">
<arg>Today's Deals</arg>
<doc>Waits until ``text`` appears on the current page.</doc>
<status status="PASS" starttime="20210927 23:45:48.094" endtime="20210927 23:45:48.260"/>
</kw>
<status status="PASS" starttime="20210927 23:45:48.093" endtime="20210927 23:45:48.261"/>
</kw>
<status status="PASS" starttime="20210927 23:45:44.193" endtime="20210927 23:45:48.261"/>
</kw>
<kw name="search product" library="Amz">
<kw name="input search text" library="top-nav">
<kw name="Input Text" library="SeleniumLibrary">
<arg>id=twotabsearchtextbox</arg>
<arg>watch</arg>
<doc>Types the given ``text`` into the text field identified by ``locator``.</doc>
<msg timestamp="20210927 23:45:48.263" level="INFO">Typing text 'watch' into text field 'id=twotabsearchtextbox'.</msg>
<status status="PASS" starttime="20210927 23:45:48.263" endtime="20210927 23:45:48.415"/>
</kw>
<status status="PASS" starttime="20210927 23:45:48.262" endtime="20210927 23:45:48.415"/>
</kw>
<kw name="click submit" library="top-nav">
<kw name="Click Button" library="SeleniumLibrary">
<arg>xpath=//*[@id="nav-search-submit-button"]</arg>
<doc>Clicks the button identified by ``locator``.</doc>
<msg timestamp="20210927 23:45:48.416" level="INFO">Clicking button 'xpath=//*[@id="nav-search-submit-button"]'.</msg>
<status status="PASS" starttime="20210927 23:45:48.416" endtime="20210927 23:45:51.460"/>
</kw>
<status status="PASS" starttime="20210927 23:45:48.416" endtime="20210927 23:45:51.460"/>
</kw>
<status status="PASS" starttime="20210927 23:45:48.262" endtime="20210927 23:45:51.461"/>
</kw>
<kw name="Select the product" library="Amz">
<kw name="validate text" library="search_selectpage">
<kw name="Wait Until Page Contains" library="SeleniumLibrary">
<arg>1-48 of over 100,000 results for</arg>
<doc>Waits until ``text`` appears on the current page.</doc>
<status status="PASS" starttime="20210927 23:45:51.462" endtime="20210927 23:45:51.544"/>
</kw>
<status status="PASS" starttime="20210927 23:45:51.461" endtime="20210927 23:45:51.544"/>
</kw>
<kw name="choose the product" library="search_selectpage">
<kw name="Click Image" library="SeleniumLibrary">
<arg>//img[contains(@src,'https://m.media-amazon.com/images/S/al-eu-726f4d26-7fdb/9a76a469-51bd-4fc8-859e-341a6d33af74._CR18,163,482,189_AC_SX130_SY60_QL70_.png')]</arg>
<doc>Clicks an image identified by ``locator``.</doc>
<msg timestamp="20210927 23:45:51.545" level="INFO">Clicking image '//img[contains(@src,'https://m.media-amazon.com/images/S/al-eu-726f4d26-7fdb/9a76a469-51bd-4fc8-859e-341a6d33af74._CR18,163,482,189_AC_SX130_SY60_QL70_.png')]'.</msg>
<status status="PASS" starttime="20210927 23:45:51.545" endtime="20210927 23:45:51.917"/>
</kw>
<status status="PASS" starttime="20210927 23:45:51.544" endtime="20210927 23:45:51.917"/>
</kw>
<kw name="wait for specific text" library="search_selectpage">
<kw name="Wait Until Page Contains" library="SeleniumLibrary">
<arg>1.7 inch Bluetooth Calling Smartwatch with Spo2</arg>
<doc>Waits until ``text`` appears on the current page.</doc>
<status status="PASS" starttime="20210927 23:45:51.918" endtime="20210927 23:45:53.692"/>
</kw>
<status status="PASS" starttime="20210927 23:45:51.917" endtime="20210927 23:45:53.692"/>
</kw>
<status status="PASS" starttime="20210927 23:45:51.461" endtime="20210927 23:45:53.692"/>
</kw>
<kw name="Add the product to cart" library="Amz">
<kw name="Execute Javascript" library="SeleniumLibrary">
<arg>window.scrollTo(0, window.scrollY+100)</arg>
<doc>Executes the given JavaScript code with possible arguments.</doc>
<msg timestamp="20210927 23:45:53.694" level="INFO">Executing JavaScript:
window.scrollTo(0, window.scrollY+100)
Without any arguments.</msg>
<status status="PASS" starttime="20210927 23:45:53.693" endtime="20210927 23:45:53.698"/>
</kw>
<kw name="Wait Until Element Is Visible" library="SeleniumLibrary">
<arg>//div[@class='ProductShowcase__actions__2J-2e'][1]/div[2]/button</arg>
<doc>Waits until the element ``locator`` is visible.</doc>
<status status="PASS" starttime="20210927 23:45:53.698" endtime="20210927 23:45:53.745"/>
</kw>
<kw name="Click Button" library="SeleniumLibrary">
<arg>//div[@class='ProductShowcase__actions__2J-2e'][1]/div[2]/button</arg>
<doc>Clicks the button identified by ``locator``.</doc>
<msg timestamp="20210927 23:45:53.745" level="INFO">Clicking button '//div[@class='ProductShowcase__actions__2J-2e'][1]/div[2]/button'.</msg>
<status status="PASS" starttime="20210927 23:45:53.745" endtime="20210927 23:45:53.921"/>
</kw>
<kw name="Wait Until Page Contains" library="SeleniumLibrary">
<arg>Added to Cart</arg>
<doc>Waits until ``text`` appears on the current page.</doc>
<status status="PASS" starttime="20210927 23:45:53.921" endtime="20210927 23:45:53.994"/>
</kw>
<kw name="Execute Javascript" library="SeleniumLibrary">
<arg>window.scrollTo(top)</arg>
<doc>Executes the given JavaScript code with possible arguments.</doc>
<msg timestamp="20210927 23:45:53.996" level="INFO">Executing JavaScript:
window.scrollTo(top)
Without any arguments.</msg>
<status status="PASS" starttime="20210927 23:45:53.994" endtime="20210927 23:45:54.020"/>
</kw>
<kw name="Sleep" library="BuiltIn">
<arg>7s</arg>
<doc>Pauses the test executed for the given time.</doc>
<msg timestamp="20210927 23:46:01.027" level="INFO">Slept 7 seconds</msg>
<status status="PASS" starttime="20210927 23:45:54.020" endtime="20210927 23:46:01.027"/>
</kw>
<status status="PASS" starttime="20210927 23:45:53.693" endtime="20210927 23:46:01.027"/>
</kw>
<kw name="proceed to checkout" library="Amz">
<kw name="Click Link" library="SeleniumLibrary">
<arg>//*[@id='nav-cart']</arg>
<doc>Clicks a link identified by ``locator``.</doc>
<msg timestamp="20210927 23:46:01.027" level="INFO">Clicking link '//*[@id='nav-cart']'.</msg>
<status status="PASS" starttime="20210927 23:46:01.027" endtime="20210927 23:46:02.301"/>
</kw>
<kw name="Wait Until Element Is Visible" library="SeleniumLibrary">
<arg>//*[@name='proceedToRetailCheckout']</arg>
<doc>Waits until the element ``locator`` is visible.</doc>
<status status="PASS" starttime="20210927 23:46:02.302" endtime="20210927 23:46:02.368"/>
</kw>
<kw name="Click Button" library="SeleniumLibrary">
<arg>//*[@name='proceedToRetailCheckout']</arg>
<doc>Clicks the button identified by ``locator``.</doc>
<msg timestamp="20210927 23:46:02.369" level="INFO">Clicking button '//*[@name='proceedToRetailCheckout']'.</msg>
<status status="PASS" starttime="20210927 23:46:02.368" endtime="20210927 23:46:03.659"/>
</kw>
<status status="PASS" starttime="20210927 23:46:01.027" endtime="20210927 23:46:03.659"/>
</kw>
<kw name="Login and submit order" library="Amz">
<kw name="Input Text" library="SeleniumLibrary">
<arg>//input[@type="email"]</arg>
<arg>kamlesh001@gmail.com</arg>
<doc>Types the given ``text`` into the text field identified by ``locator``.</doc>
<msg timestamp="20210927 23:46:03.661" level="INFO">Typing text 'kamlesh001@gmail.com' into text field '//input[@type="email"]'.</msg>
<status status="PASS" starttime="20210927 23:46:03.661" endtime="20210927 23:46:03.807"/>
</kw>
<kw name="Click Button" library="SeleniumLibrary">
<arg>//input[@id="continue"]</arg>
<doc>Clicks the button identified by ``locator``.</doc>
<msg timestamp="20210927 23:46:03.808" level="INFO">Clicking button '//input[@id="continue"]'.</msg>
<status status="PASS" starttime="20210927 23:46:03.808" endtime="20210927 23:46:05.015"/>
</kw>
<kw name="Input Text" library="SeleniumLibrary">
<arg>//input[@type="password"]</arg>
<arg>t23351385</arg>
<doc>Types the given ``text`` into the text field identified by ``locator``.</doc>
<msg timestamp="20210927 23:46:05.015" level="INFO">Typing text 't23351385' into text field '//input[@type="password"]'.</msg>
<status status="PASS" starttime="20210927 23:46:05.015" endtime="20210927 23:46:05.115"/>
</kw>
<kw name="Click Button" library="SeleniumLibrary">
<arg>//input[@id="signInSubmit"]</arg>
<doc>Clicks the button identified by ``locator``.</doc>
<msg timestamp="20210927 23:46:05.115" level="INFO">Clicking button '//input[@id="signInSubmit"]'.</msg>
<status status="PASS" starttime="20210927 23:46:05.115" endtime="20210927 23:46:05.250"/>
</kw>
<kw name="Sleep" library="BuiltIn">
<arg>3s</arg>
<doc>Pauses the test executed for the given time.</doc>
<msg timestamp="20210927 23:46:08.252" level="INFO">Slept 3 seconds</msg>
<status status="PASS" starttime="20210927 23:46:05.250" endtime="20210927 23:46:08.252"/>
</kw>
<status status="PASS" starttime="20210927 23:46:03.660" endtime="20210927 23:46:08.253"/>
</kw>
<doc>This is some basic info about the test</doc>
<tag>Smoke</tag>
<status status="PASS" starttime="20210927 23:45:43.011" endtime="20210927 23:46:08.255"/>
</test>
<kw name="Execute after suite" library="Common" type="TEARDOWN">
<kw name="Log" library="BuiltIn">
<arg>thia will execute after suite</arg>
<doc>Logs the given message with the given level.</doc>
<msg timestamp="20210927 23:46:08.263" level="INFO">thia will execute after suite</msg>
<status status="PASS" starttime="20210927 23:46:08.262" endtime="20210927 23:46:08.263"/>
</kw>
<status status="PASS" starttime="20210927 23:46:08.261" endtime="20210927 23:46:08.264"/>
</kw>
<doc>This is some basic info about whole suite</doc>
<status status="PASS" starttime="20210927 23:45:42.761" endtime="20210927 23:46:08.264"/>
</suite>
<statistics>
<total>
<stat pass="1" fail="0" skip="0">All Tests</stat>
</total>
<tag>
<stat pass="1" fail="0" skip="0">Smoke</stat>
</tag>
<suite>
<stat pass="1" fail="0" skip="0" id="s1" name="Amazon">Amazon</stat>
</suite>
</statistics>
<errors>
</errors>
</robot>
